<?xml version="1.0" encoding="UTF-8"?>
<!-- Generated by org.testng.reporters.JUnitReportReporter -->
<testsuite skipped="0" hostname="REEHANA-PC" name="testngframework.Dataprovider1" tests="4" failures="0" timestamp="08 Dec 2018 07:52:23 GMT" time="91.636" errors="0">
  <testcase name="search" time="16.438" classname="testngframework.Dataprovider1"/>
  <testcase name="search" time="24.438" classname="testngframework.Dataprovider1"/>
  <testcase name="search" time="19.413" classname="testngframework.Dataprovider1"/>
  <testcase name="search" time="31.347" classname="testngframework.Dataprovider1"/>
</testsuite> <!-- testngframework.Dataprovider1 -->
